[2021-10-28 13:17:30,109] {taskinstance.py:896} INFO - Dependencies all met for <TaskInstance: ricochet_tellor_reporter.price_check_wrapped-btc 2021-10-28T11:55:00+00:00 [queued]>
[2021-10-28 13:17:30,207] {taskinstance.py:896} INFO - Dependencies all met for <TaskInstance: ricochet_tellor_reporter.price_check_wrapped-btc 2021-10-28T11:55:00+00:00 [queued]>
[2021-10-28 13:17:30,211] {taskinstance.py:1087} INFO - 
--------------------------------------------------------------------------------
[2021-10-28 13:17:30,212] {taskinstance.py:1088} INFO - Starting attempt 1 of 1
[2021-10-28 13:17:30,215] {taskinstance.py:1089} INFO - 
--------------------------------------------------------------------------------
[2021-10-28 13:17:30,268] {taskinstance.py:1107} INFO - Executing <Task(CoinGeckoPriceOperator): price_check_wrapped-btc> on 2021-10-28T11:55:00+00:00
[2021-10-28 13:17:30,290] {standard_task_runner.py:52} INFO - Started process 688 to run task
[2021-10-28 13:17:30,326] {standard_task_runner.py:76} INFO - Running: ['***', 'tasks', 'run', 'ricochet_tellor_reporter', 'price_check_wrapped-btc', '2021-10-28T11:55:00+00:00', '--job-id', '1202', '--pool', 'default_pool', '--raw', '--subdir', 'DAGS_FOLDER/ricochet_tellor_reporter.py', '--cfg-path', '/tmp/tmpidis4w8t', '--error-file', '/tmp/tmplg2me28k']
[2021-10-28 13:17:30,335] {standard_task_runner.py:77} INFO - Job 1202: Subtask price_check_wrapped-btc
[2021-10-28 13:17:30,493] {logging_mixin.py:104} INFO - Running <TaskInstance: ricochet_tellor_reporter.price_check_wrapped-btc 2021-10-28T11:55:00+00:00 [running]> on host 41f87d20e5ca
[2021-10-28 13:17:30,646] {taskinstance.py:1302} INFO - Exporting the following env vars:
AIRFLOW_CTX_DAG_EMAIL=mike@mikeghen.com
AIRFLOW_CTX_DAG_OWNER=ricochet
AIRFLOW_CTX_DAG_ID=ricochet_tellor_reporter
AIRFLOW_CTX_TASK_ID=price_check_wrapped-btc
AIRFLOW_CTX_EXECUTION_DATE=2021-10-28T11:55:00+00:00
AIRFLOW_CTX_DAG_RUN_ID=scheduled__2021-10-28T11:55:00+00:00
[2021-10-28 13:17:30,648] {logging_mixin.py:104} INFO - https://api.coingecko.com/api/v3/simple/price?ids=wrapped-btc&vs_currencies=usd
[2021-10-28 13:17:30,915] {logging_mixin.py:104} INFO - {}
[2021-10-28 13:17:30,926] {taskinstance.py:1501} ERROR - Task failed with exception
Traceback (most recent call last):
  File "/home/airflow/.local/lib/python3.6/site-packages/airflow/models/taskinstance.py", line 1157, in _run_raw_task
    self._prepare_and_execute_task_with_callbacks(context, task)
  File "/home/airflow/.local/lib/python3.6/site-packages/airflow/models/taskinstance.py", line 1331, in _prepare_and_execute_task_with_callbacks
    result = self._execute_task(context, task_copy)
  File "/home/airflow/.local/lib/python3.6/site-packages/airflow/models/taskinstance.py", line 1361, in _execute_task
    result = task_copy.execute(context=context)
  File "/opt/airflow/dags/blocksec_plugin/coingecko_price_operator.py", line 31, in execute
    price = int(result[self.asset_id]["usd"] * 1000000)
KeyError: 'wrapped-btc'
[2021-10-28 13:17:30,943] {taskinstance.py:1551} INFO - Marking task as FAILED. dag_id=ricochet_tellor_reporter, task_id=price_check_wrapped-btc, execution_date=20211028T115500, start_date=20211028T131730, end_date=20211028T131730
[2021-10-28 13:17:31,051] {local_task_job.py:151} INFO - Task exited with return code 1
