[2021-10-28 13:17:41,828] {taskinstance.py:896} INFO - Dependencies all met for <TaskInstance: ricochet_tellor_reporter.confirm_oracle_update_ethereum 2021-10-28T11:55:00+00:00 [queued]>
[2021-10-28 13:17:41,887] {taskinstance.py:896} INFO - Dependencies all met for <TaskInstance: ricochet_tellor_reporter.confirm_oracle_update_ethereum 2021-10-28T11:55:00+00:00 [queued]>
[2021-10-28 13:17:41,892] {taskinstance.py:1087} INFO - 
--------------------------------------------------------------------------------
[2021-10-28 13:17:41,894] {taskinstance.py:1088} INFO - Starting attempt 1 of 1
[2021-10-28 13:17:41,905] {taskinstance.py:1089} INFO - 
--------------------------------------------------------------------------------
[2021-10-28 13:17:41,984] {taskinstance.py:1107} INFO - Executing <Task(EthereumTransactionConfirmationSensor): confirm_oracle_update_ethereum> on 2021-10-28T11:55:00+00:00
[2021-10-28 13:17:41,994] {standard_task_runner.py:52} INFO - Started process 721 to run task
[2021-10-28 13:17:42,042] {standard_task_runner.py:76} INFO - Running: ['***', 'tasks', 'run', 'ricochet_tellor_reporter', 'confirm_oracle_update_ethereum', '2021-10-28T11:55:00+00:00', '--job-id', '1204', '--pool', 'default_pool', '--raw', '--subdir', 'DAGS_FOLDER/ricochet_tellor_reporter.py', '--cfg-path', '/tmp/tmpkocv5pv0', '--error-file', '/tmp/tmp81a7naq1']
[2021-10-28 13:17:42,047] {standard_task_runner.py:77} INFO - Job 1204: Subtask confirm_oracle_update_ethereum
[2021-10-28 13:17:42,174] {logging_mixin.py:104} INFO - Running <TaskInstance: ricochet_tellor_reporter.confirm_oracle_update_ethereum 2021-10-28T11:55:00+00:00 [running]> on host 41f87d20e5ca
[2021-10-28 13:17:42,342] {taskinstance.py:1302} INFO - Exporting the following env vars:
AIRFLOW_CTX_DAG_EMAIL=mike@mikeghen.com
AIRFLOW_CTX_DAG_OWNER=ricochet
AIRFLOW_CTX_DAG_ID=ricochet_tellor_reporter
AIRFLOW_CTX_TASK_ID=confirm_oracle_update_ethereum
AIRFLOW_CTX_EXECUTION_DATE=2021-10-28T11:55:00+00:00
AIRFLOW_CTX_DAG_RUN_ID=scheduled__2021-10-28T11:55:00+00:00
[2021-10-28 13:17:42,513] {logging_mixin.py:104} INFO - Transaction 0x0f194b147c67fe9a01b9b3653a3daefef996383bd77bf8aaf9bb864eea617a6b has 1 confirmations
[2021-10-28 13:17:42,565] {logging_mixin.py:104} INFO - 0x0f194b147c67fe9a01b9b3653a3daefef996383bd77bf8aaf9bb864eea617a6b has status 1
[2021-10-28 13:17:42,566] {base.py:248} INFO - Success criteria met. Exiting.
[2021-10-28 13:17:42,588] {taskinstance.py:1211} INFO - Marking task as SUCCESS. dag_id=ricochet_tellor_reporter, task_id=confirm_oracle_update_ethereum, execution_date=20211028T115500, start_date=20211028T131741, end_date=20211028T131742
[2021-10-28 13:17:42,652] {taskinstance.py:1265} INFO - 0 downstream tasks scheduled from follow-on schedule check
[2021-10-28 13:17:42,694] {local_task_job.py:151} INFO - Task exited with return code 0
