[2021-10-28 13:17:35,622] {taskinstance.py:896} INFO - Dependencies all met for <TaskInstance: ricochet_tellor_reporter.oracle_update_ethereum 2021-10-28T11:55:00+00:00 [queued]>
[2021-10-28 13:17:35,669] {taskinstance.py:896} INFO - Dependencies all met for <TaskInstance: ricochet_tellor_reporter.oracle_update_ethereum 2021-10-28T11:55:00+00:00 [queued]>
[2021-10-28 13:17:35,671] {taskinstance.py:1087} INFO - 
--------------------------------------------------------------------------------
[2021-10-28 13:17:35,672] {taskinstance.py:1088} INFO - Starting attempt 1 of 1
[2021-10-28 13:17:35,673] {taskinstance.py:1089} INFO - 
--------------------------------------------------------------------------------
[2021-10-28 13:17:35,698] {taskinstance.py:1107} INFO - Executing <Task(TellorOracleOperator): oracle_update_ethereum> on 2021-10-28T11:55:00+00:00
[2021-10-28 13:17:35,711] {standard_task_runner.py:52} INFO - Started process 695 to run task
[2021-10-28 13:17:35,722] {standard_task_runner.py:76} INFO - Running: ['***', 'tasks', 'run', 'ricochet_tellor_reporter', 'oracle_update_ethereum', '2021-10-28T11:55:00+00:00', '--job-id', '1203', '--pool', 'default_pool', '--raw', '--subdir', 'DAGS_FOLDER/ricochet_tellor_reporter.py', '--cfg-path', '/tmp/tmpzq5q6e1l', '--error-file', '/tmp/tmpojlq42a1']
[2021-10-28 13:17:35,725] {standard_task_runner.py:77} INFO - Job 1203: Subtask oracle_update_ethereum
[2021-10-28 13:17:35,822] {logging_mixin.py:104} INFO - Running <TaskInstance: ricochet_tellor_reporter.oracle_update_ethereum 2021-10-28T11:55:00+00:00 [running]> on host 41f87d20e5ca
[2021-10-28 13:17:35,956] {taskinstance.py:1302} INFO - Exporting the following env vars:
AIRFLOW_CTX_DAG_EMAIL=mike@mikeghen.com
AIRFLOW_CTX_DAG_OWNER=ricochet
AIRFLOW_CTX_DAG_ID=ricochet_tellor_reporter
AIRFLOW_CTX_TASK_ID=oracle_update_ethereum
AIRFLOW_CTX_EXECUTION_DATE=2021-10-28T11:55:00+00:00
AIRFLOW_CTX_DAG_RUN_ID=scheduled__2021-10-28T11:55:00+00:00
[2021-10-28 13:17:35,958] {logging_mixin.py:104} INFO - Processing submitValue(1, 4174970000) for Tellor at 0xACC2d27400029904919ea54fFc0b18Bf07C57875 by EOA 0x3226C9EaC0379F04Ba2b1E1e1fcD52ac26309aeA
[2021-10-28 13:17:36,590] {logging_mixin.py:104} INFO - Sent submitValue(1,4174970000)... transaction hash: 0x0f194b147c67fe9a01b9b3653a3daefef996383bd77bf8aaf9bb864eea617a6b
[2021-10-28 13:17:36,637] {taskinstance.py:1211} INFO - Marking task as SUCCESS. dag_id=ricochet_tellor_reporter, task_id=oracle_update_ethereum, execution_date=20211028T115500, start_date=20211028T131735, end_date=20211028T131736
[2021-10-28 13:17:36,725] {taskinstance.py:1265} INFO - 1 downstream tasks scheduled from follow-on schedule check
[2021-10-28 13:17:36,758] {local_task_job.py:151} INFO - Task exited with return code 0
