[2021-10-28 12:28:06,373] {scheduler_job.py:182} INFO - Started process (PID=411) to work on /opt/airflow/dags/ricochet_tellor_reporter.py
[2021-10-28 12:28:06,390] {scheduler_job.py:633} INFO - Processing file /opt/airflow/dags/ricochet_tellor_reporter.py for tasks to queue
[2021-10-28 12:28:06,409] {logging_mixin.py:104} INFO - [2021-10-28 12:28:06,409] {dagbag.py:496} INFO - Filling up the DagBag from /opt/airflow/dags/ricochet_tellor_reporter.py
[2021-10-28 12:28:15,702] {scheduler_job.py:643} INFO - DAG(s) dict_keys(['ricochet_tellor_reporter']) retrieved from /opt/airflow/dags/ricochet_tellor_reporter.py
[2021-10-28 12:28:23,732] {logging_mixin.py:104} INFO - [2021-10-28 12:28:23,732] {dag.py:1833} INFO - Sync 1 DAGs
[2021-10-28 12:28:24,006] {logging_mixin.py:104} INFO - [2021-10-28 12:28:24,005] {dag.py:2306} INFO - Setting next_dagrun for ricochet_tellor_reporter to 2021-10-28T10:55:00+00:00
[2021-10-28 12:28:24,154] {scheduler_job.py:190} INFO - Processing /opt/airflow/dags/ricochet_tellor_reporter.py took 17.823 seconds
[2021-10-28 12:28:55,125] {scheduler_job.py:182} INFO - Started process (PID=499) to work on /opt/airflow/dags/ricochet_tellor_reporter.py
[2021-10-28 12:28:55,178] {scheduler_job.py:633} INFO - Processing file /opt/airflow/dags/ricochet_tellor_reporter.py for tasks to queue
[2021-10-28 12:28:55,209] {logging_mixin.py:104} INFO - [2021-10-28 12:28:55,208] {dagbag.py:496} INFO - Filling up the DagBag from /opt/airflow/dags/ricochet_tellor_reporter.py
[2021-10-28 12:29:25,433] {scheduler_job.py:643} INFO - DAG(s) dict_keys(['ricochet_tellor_reporter']) retrieved from /opt/airflow/dags/ricochet_tellor_reporter.py
[2021-10-28 12:29:25,963] {logging_mixin.py:104} INFO - [2021-10-28 12:29:25,952] {dag.py:1833} INFO - Sync 1 DAGs
[2021-10-28 12:29:26,779] {logging_mixin.py:104} INFO - [2021-10-28 12:29:26,750] {dag.py:2306} INFO - Setting next_dagrun for ricochet_tellor_reporter to 2021-10-28T10:55:00+00:00
[2021-10-28 12:29:27,015] {scheduler_job.py:190} INFO - Processing /opt/airflow/dags/ricochet_tellor_reporter.py took 32.029 seconds
[2021-10-28 12:31:16,215] {scheduler_job.py:182} INFO - Started process (PID=664) to work on /opt/airflow/dags/ricochet_tellor_reporter.py
[2021-10-28 12:31:16,313] {scheduler_job.py:633} INFO - Processing file /opt/airflow/dags/ricochet_tellor_reporter.py for tasks to queue
[2021-10-28 12:31:16,409] {logging_mixin.py:104} INFO - [2021-10-28 12:31:16,361] {dagbag.py:496} INFO - Filling up the DagBag from /opt/airflow/dags/ricochet_tellor_reporter.py
[2021-10-28 12:31:43,576] {scheduler_job.py:643} INFO - DAG(s) dict_keys(['ricochet_tellor_reporter']) retrieved from /opt/airflow/dags/ricochet_tellor_reporter.py
[2021-10-28 12:31:43,865] {logging_mixin.py:104} INFO - [2021-10-28 12:31:43,864] {dag.py:1833} INFO - Sync 1 DAGs
[2021-10-28 12:31:44,227] {logging_mixin.py:104} INFO - [2021-10-28 12:31:44,224] {dag.py:2306} INFO - Setting next_dagrun for ricochet_tellor_reporter to 2021-10-28T10:55:00+00:00
[2021-10-28 12:31:44,308] {scheduler_job.py:190} INFO - Processing /opt/airflow/dags/ricochet_tellor_reporter.py took 28.418 seconds
[2021-10-28 12:32:15,212] {scheduler_job.py:182} INFO - Started process (PID=739) to work on /opt/airflow/dags/ricochet_tellor_reporter.py
[2021-10-28 12:32:15,228] {scheduler_job.py:633} INFO - Processing file /opt/airflow/dags/ricochet_tellor_reporter.py for tasks to queue
[2021-10-28 12:32:15,235] {logging_mixin.py:104} INFO - [2021-10-28 12:32:15,231] {dagbag.py:496} INFO - Filling up the DagBag from /opt/airflow/dags/ricochet_tellor_reporter.py
[2021-10-28 12:32:24,804] {scheduler_job.py:643} INFO - DAG(s) dict_keys(['ricochet_tellor_reporter']) retrieved from /opt/airflow/dags/ricochet_tellor_reporter.py
[2021-10-28 12:32:24,886] {logging_mixin.py:104} INFO - [2021-10-28 12:32:24,886] {dag.py:1833} INFO - Sync 1 DAGs
[2021-10-28 12:32:25,094] {logging_mixin.py:104} INFO - [2021-10-28 12:32:25,093] {dag.py:2306} INFO - Setting next_dagrun for ricochet_tellor_reporter to 2021-10-28T10:55:00+00:00
[2021-10-28 12:32:25,166] {scheduler_job.py:190} INFO - Processing /opt/airflow/dags/ricochet_tellor_reporter.py took 9.967 seconds
[2021-10-28 12:32:55,621] {scheduler_job.py:182} INFO - Started process (PID=792) to work on /opt/airflow/dags/ricochet_tellor_reporter.py
[2021-10-28 12:32:55,627] {scheduler_job.py:633} INFO - Processing file /opt/airflow/dags/ricochet_tellor_reporter.py for tasks to queue
[2021-10-28 12:32:55,635] {logging_mixin.py:104} INFO - [2021-10-28 12:32:55,634] {dagbag.py:496} INFO - Filling up the DagBag from /opt/airflow/dags/ricochet_tellor_reporter.py
[2021-10-28 12:33:03,464] {scheduler_job.py:643} INFO - DAG(s) dict_keys(['ricochet_tellor_reporter']) retrieved from /opt/airflow/dags/ricochet_tellor_reporter.py
[2021-10-28 12:33:03,527] {logging_mixin.py:104} INFO - [2021-10-28 12:33:03,527] {dag.py:1833} INFO - Sync 1 DAGs
[2021-10-28 12:33:03,673] {logging_mixin.py:104} INFO - [2021-10-28 12:33:03,670] {dag.py:2306} INFO - Setting next_dagrun for ricochet_tellor_reporter to 2021-10-28T10:55:00+00:00
[2021-10-28 12:33:03,708] {scheduler_job.py:190} INFO - Processing /opt/airflow/dags/ricochet_tellor_reporter.py took 8.167 seconds
[2021-10-28 12:33:34,837] {scheduler_job.py:182} INFO - Started process (PID=845) to work on /opt/airflow/dags/ricochet_tellor_reporter.py
[2021-10-28 12:33:34,854] {scheduler_job.py:633} INFO - Processing file /opt/airflow/dags/ricochet_tellor_reporter.py for tasks to queue
[2021-10-28 12:33:34,875] {logging_mixin.py:104} INFO - [2021-10-28 12:33:34,866] {dagbag.py:496} INFO - Filling up the DagBag from /opt/airflow/dags/ricochet_tellor_reporter.py
[2021-10-28 12:33:41,139] {scheduler_job.py:643} INFO - DAG(s) dict_keys(['ricochet_tellor_reporter']) retrieved from /opt/airflow/dags/ricochet_tellor_reporter.py
[2021-10-28 12:33:41,267] {logging_mixin.py:104} INFO - [2021-10-28 12:33:41,265] {dag.py:1833} INFO - Sync 1 DAGs
[2021-10-28 12:33:41,478] {logging_mixin.py:104} INFO - [2021-10-28 12:33:41,477] {dag.py:2306} INFO - Setting next_dagrun for ricochet_tellor_reporter to 2021-10-28T10:55:00+00:00
[2021-10-28 12:33:41,554] {scheduler_job.py:190} INFO - Processing /opt/airflow/dags/ricochet_tellor_reporter.py took 6.835 seconds
[2021-10-28 12:34:12,443] {scheduler_job.py:182} INFO - Started process (PID=907) to work on /opt/airflow/dags/ricochet_tellor_reporter.py
[2021-10-28 12:34:12,448] {scheduler_job.py:633} INFO - Processing file /opt/airflow/dags/ricochet_tellor_reporter.py for tasks to queue
[2021-10-28 12:34:12,454] {logging_mixin.py:104} INFO - [2021-10-28 12:34:12,453] {dagbag.py:496} INFO - Filling up the DagBag from /opt/airflow/dags/ricochet_tellor_reporter.py
[2021-10-28 12:34:15,821] {scheduler_job.py:643} INFO - DAG(s) dict_keys(['ricochet_tellor_reporter']) retrieved from /opt/airflow/dags/ricochet_tellor_reporter.py
[2021-10-28 12:34:15,902] {logging_mixin.py:104} INFO - [2021-10-28 12:34:15,901] {dag.py:1833} INFO - Sync 1 DAGs
[2021-10-28 12:34:16,052] {logging_mixin.py:104} INFO - [2021-10-28 12:34:16,051] {dag.py:2306} INFO - Setting next_dagrun for ricochet_tellor_reporter to 2021-10-28T10:55:00+00:00
[2021-10-28 12:34:16,091] {scheduler_job.py:190} INFO - Processing /opt/airflow/dags/ricochet_tellor_reporter.py took 3.657 seconds
[2021-10-28 12:34:46,196] {scheduler_job.py:182} INFO - Started process (PID=962) to work on /opt/airflow/dags/ricochet_tellor_reporter.py
[2021-10-28 12:34:46,200] {scheduler_job.py:633} INFO - Processing file /opt/airflow/dags/ricochet_tellor_reporter.py for tasks to queue
[2021-10-28 12:34:46,203] {logging_mixin.py:104} INFO - [2021-10-28 12:34:46,203] {dagbag.py:496} INFO - Filling up the DagBag from /opt/airflow/dags/ricochet_tellor_reporter.py
[2021-10-28 12:34:49,405] {scheduler_job.py:643} INFO - DAG(s) dict_keys(['ricochet_tellor_reporter']) retrieved from /opt/airflow/dags/ricochet_tellor_reporter.py
[2021-10-28 12:34:49,443] {logging_mixin.py:104} INFO - [2021-10-28 12:34:49,443] {dag.py:1833} INFO - Sync 1 DAGs
[2021-10-28 12:34:49,514] {logging_mixin.py:104} INFO - [2021-10-28 12:34:49,513] {dag.py:2306} INFO - Setting next_dagrun for ricochet_tellor_reporter to 2021-10-28T10:55:00+00:00
[2021-10-28 12:34:49,533] {scheduler_job.py:190} INFO - Processing /opt/airflow/dags/ricochet_tellor_reporter.py took 3.344 seconds
[2021-10-28 12:35:20,013] {scheduler_job.py:182} INFO - Started process (PID=1018) to work on /opt/airflow/dags/ricochet_tellor_reporter.py
[2021-10-28 12:35:20,018] {scheduler_job.py:633} INFO - Processing file /opt/airflow/dags/ricochet_tellor_reporter.py for tasks to queue
[2021-10-28 12:35:20,022] {logging_mixin.py:104} INFO - [2021-10-28 12:35:20,021] {dagbag.py:496} INFO - Filling up the DagBag from /opt/airflow/dags/ricochet_tellor_reporter.py
[2021-10-28 12:35:24,051] {scheduler_job.py:643} INFO - DAG(s) dict_keys(['ricochet_tellor_reporter']) retrieved from /opt/airflow/dags/ricochet_tellor_reporter.py
[2021-10-28 12:35:24,150] {logging_mixin.py:104} INFO - [2021-10-28 12:35:24,149] {dag.py:1833} INFO - Sync 1 DAGs
[2021-10-28 12:35:24,299] {logging_mixin.py:104} INFO - [2021-10-28 12:35:24,298] {dag.py:2306} INFO - Setting next_dagrun for ricochet_tellor_reporter to 2021-10-28T10:55:00+00:00
[2021-10-28 12:35:24,376] {scheduler_job.py:190} INFO - Processing /opt/airflow/dags/ricochet_tellor_reporter.py took 4.366 seconds
[2021-10-28 12:35:54,682] {scheduler_job.py:182} INFO - Started process (PID=1075) to work on /opt/airflow/dags/ricochet_tellor_reporter.py
[2021-10-28 12:35:54,686] {scheduler_job.py:633} INFO - Processing file /opt/airflow/dags/ricochet_tellor_reporter.py for tasks to queue
[2021-10-28 12:35:54,690] {logging_mixin.py:104} INFO - [2021-10-28 12:35:54,689] {dagbag.py:496} INFO - Filling up the DagBag from /opt/airflow/dags/ricochet_tellor_reporter.py
[2021-10-28 12:35:58,094] {scheduler_job.py:643} INFO - DAG(s) dict_keys(['ricochet_tellor_reporter']) retrieved from /opt/airflow/dags/ricochet_tellor_reporter.py
[2021-10-28 12:35:58,137] {logging_mixin.py:104} INFO - [2021-10-28 12:35:58,137] {dag.py:1833} INFO - Sync 1 DAGs
[2021-10-28 12:35:58,207] {logging_mixin.py:104} INFO - [2021-10-28 12:35:58,206] {dag.py:2306} INFO - Setting next_dagrun for ricochet_tellor_reporter to 2021-10-28T10:55:00+00:00
[2021-10-28 12:35:58,228] {scheduler_job.py:190} INFO - Processing /opt/airflow/dags/ricochet_tellor_reporter.py took 3.553 seconds
[2021-10-28 12:36:29,051] {scheduler_job.py:182} INFO - Started process (PID=1132) to work on /opt/airflow/dags/ricochet_tellor_reporter.py
[2021-10-28 12:36:29,054] {scheduler_job.py:633} INFO - Processing file /opt/airflow/dags/ricochet_tellor_reporter.py for tasks to queue
[2021-10-28 12:36:29,057] {logging_mixin.py:104} INFO - [2021-10-28 12:36:29,057] {dagbag.py:496} INFO - Filling up the DagBag from /opt/airflow/dags/ricochet_tellor_reporter.py
[2021-10-28 12:36:31,852] {scheduler_job.py:643} INFO - DAG(s) dict_keys(['ricochet_tellor_reporter']) retrieved from /opt/airflow/dags/ricochet_tellor_reporter.py
[2021-10-28 12:36:31,885] {logging_mixin.py:104} INFO - [2021-10-28 12:36:31,885] {dag.py:1833} INFO - Sync 1 DAGs
[2021-10-28 12:36:31,953] {logging_mixin.py:104} INFO - [2021-10-28 12:36:31,953] {dag.py:2306} INFO - Setting next_dagrun for ricochet_tellor_reporter to 2021-10-28T10:55:00+00:00
[2021-10-28 12:36:31,976] {scheduler_job.py:190} INFO - Processing /opt/airflow/dags/ricochet_tellor_reporter.py took 2.932 seconds
[2021-10-28 12:37:02,102] {scheduler_job.py:182} INFO - Started process (PID=1188) to work on /opt/airflow/dags/ricochet_tellor_reporter.py
[2021-10-28 12:37:02,107] {scheduler_job.py:633} INFO - Processing file /opt/airflow/dags/ricochet_tellor_reporter.py for tasks to queue
[2021-10-28 12:37:02,114] {logging_mixin.py:104} INFO - [2021-10-28 12:37:02,111] {dagbag.py:496} INFO - Filling up the DagBag from /opt/airflow/dags/ricochet_tellor_reporter.py
[2021-10-28 12:37:04,785] {scheduler_job.py:643} INFO - DAG(s) dict_keys(['ricochet_tellor_reporter']) retrieved from /opt/airflow/dags/ricochet_tellor_reporter.py
[2021-10-28 12:37:04,827] {logging_mixin.py:104} INFO - [2021-10-28 12:37:04,827] {dag.py:1833} INFO - Sync 1 DAGs
[2021-10-28 12:37:04,908] {logging_mixin.py:104} INFO - [2021-10-28 12:37:04,908] {dag.py:2306} INFO - Setting next_dagrun for ricochet_tellor_reporter to 2021-10-28T10:55:00+00:00
[2021-10-28 12:37:04,930] {scheduler_job.py:190} INFO - Processing /opt/airflow/dags/ricochet_tellor_reporter.py took 2.840 seconds
[2021-10-28 12:37:35,096] {scheduler_job.py:182} INFO - Started process (PID=1246) to work on /opt/airflow/dags/ricochet_tellor_reporter.py
[2021-10-28 12:37:35,103] {scheduler_job.py:633} INFO - Processing file /opt/airflow/dags/ricochet_tellor_reporter.py for tasks to queue
[2021-10-28 12:37:35,106] {logging_mixin.py:104} INFO - [2021-10-28 12:37:35,106] {dagbag.py:496} INFO - Filling up the DagBag from /opt/airflow/dags/ricochet_tellor_reporter.py
[2021-10-28 12:37:37,834] {scheduler_job.py:643} INFO - DAG(s) dict_keys(['ricochet_tellor_reporter']) retrieved from /opt/airflow/dags/ricochet_tellor_reporter.py
[2021-10-28 12:37:37,864] {logging_mixin.py:104} INFO - [2021-10-28 12:37:37,864] {dag.py:1833} INFO - Sync 1 DAGs
[2021-10-28 12:37:37,921] {logging_mixin.py:104} INFO - [2021-10-28 12:37:37,921] {dag.py:2306} INFO - Setting next_dagrun for ricochet_tellor_reporter to 2021-10-28T10:55:00+00:00
[2021-10-28 12:37:37,937] {scheduler_job.py:190} INFO - Processing /opt/airflow/dags/ricochet_tellor_reporter.py took 2.855 seconds
[2021-10-28 12:38:08,004] {scheduler_job.py:182} INFO - Started process (PID=1305) to work on /opt/airflow/dags/ricochet_tellor_reporter.py
[2021-10-28 12:38:08,010] {scheduler_job.py:633} INFO - Processing file /opt/airflow/dags/ricochet_tellor_reporter.py for tasks to queue
[2021-10-28 12:38:08,013] {logging_mixin.py:104} INFO - [2021-10-28 12:38:08,012] {dagbag.py:496} INFO - Filling up the DagBag from /opt/airflow/dags/ricochet_tellor_reporter.py
[2021-10-28 12:38:10,918] {scheduler_job.py:643} INFO - DAG(s) dict_keys(['ricochet_tellor_reporter']) retrieved from /opt/airflow/dags/ricochet_tellor_reporter.py
[2021-10-28 12:38:10,980] {logging_mixin.py:104} INFO - [2021-10-28 12:38:10,979] {dag.py:1833} INFO - Sync 1 DAGs
[2021-10-28 12:38:11,039] {logging_mixin.py:104} INFO - [2021-10-28 12:38:11,039] {dag.py:2306} INFO - Setting next_dagrun for ricochet_tellor_reporter to 2021-10-28T10:55:00+00:00
[2021-10-28 12:38:11,055] {scheduler_job.py:190} INFO - Processing /opt/airflow/dags/ricochet_tellor_reporter.py took 3.061 seconds
[2021-10-28 12:38:41,106] {scheduler_job.py:182} INFO - Started process (PID=1358) to work on /opt/airflow/dags/ricochet_tellor_reporter.py
[2021-10-28 12:38:41,112] {scheduler_job.py:633} INFO - Processing file /opt/airflow/dags/ricochet_tellor_reporter.py for tasks to queue
[2021-10-28 12:38:41,115] {logging_mixin.py:104} INFO - [2021-10-28 12:38:41,115] {dagbag.py:496} INFO - Filling up the DagBag from /opt/airflow/dags/ricochet_tellor_reporter.py
[2021-10-28 12:38:43,978] {scheduler_job.py:643} INFO - DAG(s) dict_keys(['ricochet_tellor_reporter']) retrieved from /opt/airflow/dags/ricochet_tellor_reporter.py
[2021-10-28 12:38:44,011] {logging_mixin.py:104} INFO - [2021-10-28 12:38:44,011] {dag.py:1833} INFO - Sync 1 DAGs
[2021-10-28 12:38:44,069] {logging_mixin.py:104} INFO - [2021-10-28 12:38:44,068] {dag.py:2306} INFO - Setting next_dagrun for ricochet_tellor_reporter to 2021-10-28T10:55:00+00:00
[2021-10-28 12:38:44,084] {scheduler_job.py:190} INFO - Processing /opt/airflow/dags/ricochet_tellor_reporter.py took 2.985 seconds
[2021-10-28 12:39:14,198] {scheduler_job.py:182} INFO - Started process (PID=1412) to work on /opt/airflow/dags/ricochet_tellor_reporter.py
[2021-10-28 12:39:14,202] {scheduler_job.py:633} INFO - Processing file /opt/airflow/dags/ricochet_tellor_reporter.py for tasks to queue
[2021-10-28 12:39:14,205] {logging_mixin.py:104} INFO - [2021-10-28 12:39:14,204] {dagbag.py:496} INFO - Filling up the DagBag from /opt/airflow/dags/ricochet_tellor_reporter.py
[2021-10-28 12:39:17,258] {scheduler_job.py:643} INFO - DAG(s) dict_keys(['ricochet_tellor_reporter']) retrieved from /opt/airflow/dags/ricochet_tellor_reporter.py
[2021-10-28 12:39:17,295] {logging_mixin.py:104} INFO - [2021-10-28 12:39:17,295] {dag.py:1833} INFO - Sync 1 DAGs
[2021-10-28 12:39:17,355] {logging_mixin.py:104} INFO - [2021-10-28 12:39:17,355] {dag.py:2306} INFO - Setting next_dagrun for ricochet_tellor_reporter to 2021-10-28T10:55:00+00:00
[2021-10-28 12:39:17,373] {scheduler_job.py:190} INFO - Processing /opt/airflow/dags/ricochet_tellor_reporter.py took 3.180 seconds
[2021-10-28 12:39:48,060] {scheduler_job.py:182} INFO - Started process (PID=1467) to work on /opt/airflow/dags/ricochet_tellor_reporter.py
[2021-10-28 12:39:48,064] {scheduler_job.py:633} INFO - Processing file /opt/airflow/dags/ricochet_tellor_reporter.py for tasks to queue
[2021-10-28 12:39:48,067] {logging_mixin.py:104} INFO - [2021-10-28 12:39:48,066] {dagbag.py:496} INFO - Filling up the DagBag from /opt/airflow/dags/ricochet_tellor_reporter.py
[2021-10-28 12:39:51,721] {scheduler_job.py:643} INFO - DAG(s) dict_keys(['ricochet_tellor_reporter']) retrieved from /opt/airflow/dags/ricochet_tellor_reporter.py
[2021-10-28 12:39:51,759] {logging_mixin.py:104} INFO - [2021-10-28 12:39:51,758] {dag.py:1833} INFO - Sync 1 DAGs
[2021-10-28 12:39:51,829] {logging_mixin.py:104} INFO - [2021-10-28 12:39:51,829] {dag.py:2306} INFO - Setting next_dagrun for ricochet_tellor_reporter to 2021-10-28T10:55:00+00:00
[2021-10-28 12:39:51,851] {scheduler_job.py:190} INFO - Processing /opt/airflow/dags/ricochet_tellor_reporter.py took 3.800 seconds
[2021-10-28 12:40:22,166] {scheduler_job.py:182} INFO - Started process (PID=1524) to work on /opt/airflow/dags/ricochet_tellor_reporter.py
[2021-10-28 12:40:22,172] {scheduler_job.py:633} INFO - Processing file /opt/airflow/dags/ricochet_tellor_reporter.py for tasks to queue
[2021-10-28 12:40:22,176] {logging_mixin.py:104} INFO - [2021-10-28 12:40:22,176] {dagbag.py:496} INFO - Filling up the DagBag from /opt/airflow/dags/ricochet_tellor_reporter.py
[2021-10-28 12:40:24,953] {scheduler_job.py:643} INFO - DAG(s) dict_keys(['ricochet_tellor_reporter']) retrieved from /opt/airflow/dags/ricochet_tellor_reporter.py
[2021-10-28 12:40:24,988] {logging_mixin.py:104} INFO - [2021-10-28 12:40:24,988] {dag.py:1833} INFO - Sync 1 DAGs
[2021-10-28 12:40:25,047] {logging_mixin.py:104} INFO - [2021-10-28 12:40:25,047] {dag.py:2306} INFO - Setting next_dagrun for ricochet_tellor_reporter to 2021-10-28T10:55:00+00:00
[2021-10-28 12:40:25,063] {scheduler_job.py:190} INFO - Processing /opt/airflow/dags/ricochet_tellor_reporter.py took 2.906 seconds
[2021-10-28 12:40:55,243] {scheduler_job.py:182} INFO - Started process (PID=1597) to work on /opt/airflow/dags/ricochet_tellor_reporter.py
[2021-10-28 12:40:55,247] {scheduler_job.py:633} INFO - Processing file /opt/airflow/dags/ricochet_tellor_reporter.py for tasks to queue
[2021-10-28 12:40:55,249] {logging_mixin.py:104} INFO - [2021-10-28 12:40:55,249] {dagbag.py:496} INFO - Filling up the DagBag from /opt/airflow/dags/ricochet_tellor_reporter.py
[2021-10-28 12:40:58,023] {scheduler_job.py:643} INFO - DAG(s) dict_keys(['ricochet_tellor_reporter']) retrieved from /opt/airflow/dags/ricochet_tellor_reporter.py
[2021-10-28 12:40:58,065] {logging_mixin.py:104} INFO - [2021-10-28 12:40:58,064] {dag.py:1833} INFO - Sync 1 DAGs
[2021-10-28 12:40:58,128] {logging_mixin.py:104} INFO - [2021-10-28 12:40:58,128] {dag.py:2306} INFO - Setting next_dagrun for ricochet_tellor_reporter to 2021-10-28T10:55:00+00:00
[2021-10-28 12:40:58,144] {scheduler_job.py:190} INFO - Processing /opt/airflow/dags/ricochet_tellor_reporter.py took 2.907 seconds
[2021-10-28 12:41:28,387] {scheduler_job.py:182} INFO - Started process (PID=1653) to work on /opt/airflow/dags/ricochet_tellor_reporter.py
[2021-10-28 12:41:28,391] {scheduler_job.py:633} INFO - Processing file /opt/airflow/dags/ricochet_tellor_reporter.py for tasks to queue
[2021-10-28 12:41:28,393] {logging_mixin.py:104} INFO - [2021-10-28 12:41:28,392] {dagbag.py:496} INFO - Filling up the DagBag from /opt/airflow/dags/ricochet_tellor_reporter.py
[2021-10-28 12:41:32,391] {scheduler_job.py:643} INFO - DAG(s) dict_keys(['ricochet_tellor_reporter']) retrieved from /opt/airflow/dags/ricochet_tellor_reporter.py
[2021-10-28 12:41:32,437] {logging_mixin.py:104} INFO - [2021-10-28 12:41:32,437] {dag.py:1833} INFO - Sync 1 DAGs
[2021-10-28 12:41:32,532] {logging_mixin.py:104} INFO - [2021-10-28 12:41:32,531] {dag.py:2306} INFO - Setting next_dagrun for ricochet_tellor_reporter to 2021-10-28T10:55:00+00:00
[2021-10-28 12:41:32,551] {scheduler_job.py:190} INFO - Processing /opt/airflow/dags/ricochet_tellor_reporter.py took 4.170 seconds
[2021-10-28 12:42:03,194] {scheduler_job.py:182} INFO - Started process (PID=1707) to work on /opt/airflow/dags/ricochet_tellor_reporter.py
[2021-10-28 12:42:03,198] {scheduler_job.py:633} INFO - Processing file /opt/airflow/dags/ricochet_tellor_reporter.py for tasks to queue
[2021-10-28 12:42:03,201] {logging_mixin.py:104} INFO - [2021-10-28 12:42:03,201] {dagbag.py:496} INFO - Filling up the DagBag from /opt/airflow/dags/ricochet_tellor_reporter.py
[2021-10-28 12:42:05,822] {scheduler_job.py:643} INFO - DAG(s) dict_keys(['ricochet_tellor_reporter']) retrieved from /opt/airflow/dags/ricochet_tellor_reporter.py
[2021-10-28 12:42:05,854] {logging_mixin.py:104} INFO - [2021-10-28 12:42:05,853] {dag.py:1833} INFO - Sync 1 DAGs
[2021-10-28 12:42:05,910] {logging_mixin.py:104} INFO - [2021-10-28 12:42:05,909] {dag.py:2306} INFO - Setting next_dagrun for ricochet_tellor_reporter to 2021-10-28T10:55:00+00:00
[2021-10-28 12:42:05,926] {scheduler_job.py:190} INFO - Processing /opt/airflow/dags/ricochet_tellor_reporter.py took 2.739 seconds
[2021-10-28 12:42:36,160] {scheduler_job.py:182} INFO - Started process (PID=1762) to work on /opt/airflow/dags/ricochet_tellor_reporter.py
[2021-10-28 12:42:36,165] {scheduler_job.py:633} INFO - Processing file /opt/airflow/dags/ricochet_tellor_reporter.py for tasks to queue
[2021-10-28 12:42:36,168] {logging_mixin.py:104} INFO - [2021-10-28 12:42:36,167] {dagbag.py:496} INFO - Filling up the DagBag from /opt/airflow/dags/ricochet_tellor_reporter.py
[2021-10-28 12:42:38,494] {scheduler_job.py:643} INFO - DAG(s) dict_keys(['ricochet_tellor_reporter']) retrieved from /opt/airflow/dags/ricochet_tellor_reporter.py
[2021-10-28 12:42:38,525] {logging_mixin.py:104} INFO - [2021-10-28 12:42:38,524] {dag.py:1833} INFO - Sync 1 DAGs
[2021-10-28 12:42:38,576] {logging_mixin.py:104} INFO - [2021-10-28 12:42:38,576] {dag.py:2306} INFO - Setting next_dagrun for ricochet_tellor_reporter to 2021-10-28T10:55:00+00:00
[2021-10-28 12:42:38,590] {scheduler_job.py:190} INFO - Processing /opt/airflow/dags/ricochet_tellor_reporter.py took 2.441 seconds
[2021-10-28 12:43:09,595] {scheduler_job.py:182} INFO - Started process (PID=1816) to work on /opt/airflow/dags/ricochet_tellor_reporter.py
[2021-10-28 12:43:09,602] {scheduler_job.py:633} INFO - Processing file /opt/airflow/dags/ricochet_tellor_reporter.py for tasks to queue
[2021-10-28 12:43:09,605] {logging_mixin.py:104} INFO - [2021-10-28 12:43:09,605] {dagbag.py:496} INFO - Filling up the DagBag from /opt/airflow/dags/ricochet_tellor_reporter.py
[2021-10-28 12:43:11,912] {scheduler_job.py:643} INFO - DAG(s) dict_keys(['ricochet_tellor_reporter']) retrieved from /opt/airflow/dags/ricochet_tellor_reporter.py
[2021-10-28 12:43:11,941] {logging_mixin.py:104} INFO - [2021-10-28 12:43:11,941] {dag.py:1833} INFO - Sync 1 DAGs
[2021-10-28 12:43:11,993] {logging_mixin.py:104} INFO - [2021-10-28 12:43:11,993] {dag.py:2306} INFO - Setting next_dagrun for ricochet_tellor_reporter to 2021-10-28T10:55:00+00:00
[2021-10-28 12:43:12,006] {scheduler_job.py:190} INFO - Processing /opt/airflow/dags/ricochet_tellor_reporter.py took 2.421 seconds
[2021-10-28 12:43:42,596] {scheduler_job.py:182} INFO - Started process (PID=1870) to work on /opt/airflow/dags/ricochet_tellor_reporter.py
[2021-10-28 12:43:42,599] {scheduler_job.py:633} INFO - Processing file /opt/airflow/dags/ricochet_tellor_reporter.py for tasks to queue
[2021-10-28 12:43:42,602] {logging_mixin.py:104} INFO - [2021-10-28 12:43:42,602] {dagbag.py:496} INFO - Filling up the DagBag from /opt/airflow/dags/ricochet_tellor_reporter.py
[2021-10-28 12:43:45,113] {scheduler_job.py:643} INFO - DAG(s) dict_keys(['ricochet_tellor_reporter']) retrieved from /opt/airflow/dags/ricochet_tellor_reporter.py
[2021-10-28 12:43:45,143] {logging_mixin.py:104} INFO - [2021-10-28 12:43:45,142] {dag.py:1833} INFO - Sync 1 DAGs
[2021-10-28 12:43:45,194] {logging_mixin.py:104} INFO - [2021-10-28 12:43:45,194] {dag.py:2306} INFO - Setting next_dagrun for ricochet_tellor_reporter to 2021-10-28T10:55:00+00:00
[2021-10-28 12:43:45,208] {scheduler_job.py:190} INFO - Processing /opt/airflow/dags/ricochet_tellor_reporter.py took 2.618 seconds
[2021-10-28 12:44:15,389] {scheduler_job.py:182} INFO - Started process (PID=1923) to work on /opt/airflow/dags/ricochet_tellor_reporter.py
[2021-10-28 12:44:15,394] {scheduler_job.py:633} INFO - Processing file /opt/airflow/dags/ricochet_tellor_reporter.py for tasks to queue
[2021-10-28 12:44:15,396] {logging_mixin.py:104} INFO - [2021-10-28 12:44:15,395] {dagbag.py:496} INFO - Filling up the DagBag from /opt/airflow/dags/ricochet_tellor_reporter.py
[2021-10-28 12:44:17,853] {scheduler_job.py:643} INFO - DAG(s) dict_keys(['ricochet_tellor_reporter']) retrieved from /opt/airflow/dags/ricochet_tellor_reporter.py
[2021-10-28 12:44:17,885] {logging_mixin.py:104} INFO - [2021-10-28 12:44:17,885] {dag.py:1833} INFO - Sync 1 DAGs
[2021-10-28 12:44:17,941] {logging_mixin.py:104} INFO - [2021-10-28 12:44:17,941] {dag.py:2306} INFO - Setting next_dagrun for ricochet_tellor_reporter to 2021-10-28T10:55:00+00:00
[2021-10-28 12:44:17,957] {scheduler_job.py:190} INFO - Processing /opt/airflow/dags/ricochet_tellor_reporter.py took 2.574 seconds
[2021-10-28 12:44:48,263] {scheduler_job.py:182} INFO - Started process (PID=1978) to work on /opt/airflow/dags/ricochet_tellor_reporter.py
[2021-10-28 12:44:48,266] {scheduler_job.py:633} INFO - Processing file /opt/airflow/dags/ricochet_tellor_reporter.py for tasks to queue
[2021-10-28 12:44:48,268] {logging_mixin.py:104} INFO - [2021-10-28 12:44:48,268] {dagbag.py:496} INFO - Filling up the DagBag from /opt/airflow/dags/ricochet_tellor_reporter.py
[2021-10-28 12:44:50,755] {scheduler_job.py:643} INFO - DAG(s) dict_keys(['ricochet_tellor_reporter']) retrieved from /opt/airflow/dags/ricochet_tellor_reporter.py
[2021-10-28 12:44:50,792] {logging_mixin.py:104} INFO - [2021-10-28 12:44:50,791] {dag.py:1833} INFO - Sync 1 DAGs
[2021-10-28 12:44:50,859] {logging_mixin.py:104} INFO - [2021-10-28 12:44:50,859] {dag.py:2306} INFO - Setting next_dagrun for ricochet_tellor_reporter to 2021-10-28T10:55:00+00:00
[2021-10-28 12:44:50,877] {scheduler_job.py:190} INFO - Processing /opt/airflow/dags/ricochet_tellor_reporter.py took 2.620 seconds
[2021-10-28 12:45:21,415] {scheduler_job.py:182} INFO - Started process (PID=2035) to work on /opt/airflow/dags/ricochet_tellor_reporter.py
[2021-10-28 12:45:21,420] {scheduler_job.py:633} INFO - Processing file /opt/airflow/dags/ricochet_tellor_reporter.py for tasks to queue
[2021-10-28 12:45:21,424] {logging_mixin.py:104} INFO - [2021-10-28 12:45:21,423] {dagbag.py:496} INFO - Filling up the DagBag from /opt/airflow/dags/ricochet_tellor_reporter.py
[2021-10-28 12:45:23,852] {scheduler_job.py:643} INFO - DAG(s) dict_keys(['ricochet_tellor_reporter']) retrieved from /opt/airflow/dags/ricochet_tellor_reporter.py
[2021-10-28 12:45:23,885] {logging_mixin.py:104} INFO - [2021-10-28 12:45:23,884] {dag.py:1833} INFO - Sync 1 DAGs
[2021-10-28 12:45:23,943] {logging_mixin.py:104} INFO - [2021-10-28 12:45:23,942] {dag.py:2306} INFO - Setting next_dagrun for ricochet_tellor_reporter to 2021-10-28T10:55:00+00:00
[2021-10-28 12:45:23,958] {scheduler_job.py:190} INFO - Processing /opt/airflow/dags/ricochet_tellor_reporter.py took 2.553 seconds
[2021-10-28 12:45:54,882] {scheduler_job.py:182} INFO - Started process (PID=2112) to work on /opt/airflow/dags/ricochet_tellor_reporter.py
[2021-10-28 12:45:54,886] {scheduler_job.py:633} INFO - Processing file /opt/airflow/dags/ricochet_tellor_reporter.py for tasks to queue
[2021-10-28 12:45:54,888] {logging_mixin.py:104} INFO - [2021-10-28 12:45:54,888] {dagbag.py:496} INFO - Filling up the DagBag from /opt/airflow/dags/ricochet_tellor_reporter.py
[2021-10-28 12:45:57,398] {scheduler_job.py:643} INFO - DAG(s) dict_keys(['ricochet_tellor_reporter']) retrieved from /opt/airflow/dags/ricochet_tellor_reporter.py
[2021-10-28 12:45:57,432] {logging_mixin.py:104} INFO - [2021-10-28 12:45:57,431] {dag.py:1833} INFO - Sync 1 DAGs
[2021-10-28 12:45:57,487] {logging_mixin.py:104} INFO - [2021-10-28 12:45:57,486] {dag.py:2306} INFO - Setting next_dagrun for ricochet_tellor_reporter to 2021-10-28T10:55:00+00:00
[2021-10-28 12:45:57,502] {scheduler_job.py:190} INFO - Processing /opt/airflow/dags/ricochet_tellor_reporter.py took 2.626 seconds
[2021-10-28 12:46:27,937] {scheduler_job.py:182} INFO - Started process (PID=2166) to work on /opt/airflow/dags/ricochet_tellor_reporter.py
[2021-10-28 12:46:27,943] {scheduler_job.py:633} INFO - Processing file /opt/airflow/dags/ricochet_tellor_reporter.py for tasks to queue
[2021-10-28 12:46:27,946] {logging_mixin.py:104} INFO - [2021-10-28 12:46:27,946] {dagbag.py:496} INFO - Filling up the DagBag from /opt/airflow/dags/ricochet_tellor_reporter.py
[2021-10-28 12:46:30,357] {scheduler_job.py:643} INFO - DAG(s) dict_keys(['ricochet_tellor_reporter']) retrieved from /opt/airflow/dags/ricochet_tellor_reporter.py
[2021-10-28 12:46:30,388] {logging_mixin.py:104} INFO - [2021-10-28 12:46:30,388] {dag.py:1833} INFO - Sync 1 DAGs
[2021-10-28 12:46:30,440] {logging_mixin.py:104} INFO - [2021-10-28 12:46:30,440] {dag.py:2306} INFO - Setting next_dagrun for ricochet_tellor_reporter to 2021-10-28T10:55:00+00:00
[2021-10-28 12:46:30,454] {scheduler_job.py:190} INFO - Processing /opt/airflow/dags/ricochet_tellor_reporter.py took 2.527 seconds
[2021-10-28 12:47:01,452] {scheduler_job.py:182} INFO - Started process (PID=2220) to work on /opt/airflow/dags/ricochet_tellor_reporter.py
[2021-10-28 12:47:01,456] {scheduler_job.py:633} INFO - Processing file /opt/airflow/dags/ricochet_tellor_reporter.py for tasks to queue
[2021-10-28 12:47:01,459] {logging_mixin.py:104} INFO - [2021-10-28 12:47:01,459] {dagbag.py:496} INFO - Filling up the DagBag from /opt/airflow/dags/ricochet_tellor_reporter.py
[2021-10-28 12:47:04,070] {scheduler_job.py:643} INFO - DAG(s) dict_keys(['ricochet_tellor_reporter']) retrieved from /opt/airflow/dags/ricochet_tellor_reporter.py
[2021-10-28 12:47:04,106] {logging_mixin.py:104} INFO - [2021-10-28 12:47:04,105] {dag.py:1833} INFO - Sync 1 DAGs
[2021-10-28 12:47:04,167] {logging_mixin.py:104} INFO - [2021-10-28 12:47:04,166] {dag.py:2306} INFO - Setting next_dagrun for ricochet_tellor_reporter to 2021-10-28T10:55:00+00:00
[2021-10-28 12:47:04,182] {scheduler_job.py:190} INFO - Processing /opt/airflow/dags/ricochet_tellor_reporter.py took 2.739 seconds
[2021-10-28 12:47:34,219] {scheduler_job.py:182} INFO - Started process (PID=2273) to work on /opt/airflow/dags/ricochet_tellor_reporter.py
[2021-10-28 12:47:34,223] {scheduler_job.py:633} INFO - Processing file /opt/airflow/dags/ricochet_tellor_reporter.py for tasks to queue
[2021-10-28 12:47:34,225] {logging_mixin.py:104} INFO - [2021-10-28 12:47:34,225] {dagbag.py:496} INFO - Filling up the DagBag from /opt/airflow/dags/ricochet_tellor_reporter.py
[2021-10-28 12:47:36,726] {scheduler_job.py:643} INFO - DAG(s) dict_keys(['ricochet_tellor_reporter']) retrieved from /opt/airflow/dags/ricochet_tellor_reporter.py
[2021-10-28 12:47:36,762] {logging_mixin.py:104} INFO - [2021-10-28 12:47:36,761] {dag.py:1833} INFO - Sync 1 DAGs
[2021-10-28 12:47:36,824] {logging_mixin.py:104} INFO - [2021-10-28 12:47:36,824] {dag.py:2306} INFO - Setting next_dagrun for ricochet_tellor_reporter to 2021-10-28T10:55:00+00:00
[2021-10-28 12:47:36,846] {scheduler_job.py:190} INFO - Processing /opt/airflow/dags/ricochet_tellor_reporter.py took 2.633 seconds
[2021-10-28 12:48:07,401] {scheduler_job.py:182} INFO - Started process (PID=2327) to work on /opt/airflow/dags/ricochet_tellor_reporter.py
[2021-10-28 12:48:07,405] {scheduler_job.py:633} INFO - Processing file /opt/airflow/dags/ricochet_tellor_reporter.py for tasks to queue
[2021-10-28 12:48:07,407] {logging_mixin.py:104} INFO - [2021-10-28 12:48:07,407] {dagbag.py:496} INFO - Filling up the DagBag from /opt/airflow/dags/ricochet_tellor_reporter.py
[2021-10-28 12:48:10,059] {scheduler_job.py:643} INFO - DAG(s) dict_keys(['ricochet_tellor_reporter']) retrieved from /opt/airflow/dags/ricochet_tellor_reporter.py
[2021-10-28 12:48:10,093] {logging_mixin.py:104} INFO - [2021-10-28 12:48:10,093] {dag.py:1833} INFO - Sync 1 DAGs
[2021-10-28 12:48:10,155] {logging_mixin.py:104} INFO - [2021-10-28 12:48:10,155] {dag.py:2306} INFO - Setting next_dagrun for ricochet_tellor_reporter to 2021-10-28T10:55:00+00:00
[2021-10-28 12:48:10,172] {scheduler_job.py:190} INFO - Processing /opt/airflow/dags/ricochet_tellor_reporter.py took 2.777 seconds
[2021-10-28 12:48:40,420] {scheduler_job.py:182} INFO - Started process (PID=2384) to work on /opt/airflow/dags/ricochet_tellor_reporter.py
[2021-10-28 12:48:40,424] {scheduler_job.py:633} INFO - Processing file /opt/airflow/dags/ricochet_tellor_reporter.py for tasks to queue
[2021-10-28 12:48:40,427] {logging_mixin.py:104} INFO - [2021-10-28 12:48:40,426] {dagbag.py:496} INFO - Filling up the DagBag from /opt/airflow/dags/ricochet_tellor_reporter.py
[2021-10-28 12:48:42,773] {scheduler_job.py:643} INFO - DAG(s) dict_keys(['ricochet_tellor_reporter']) retrieved from /opt/airflow/dags/ricochet_tellor_reporter.py
[2021-10-28 12:48:42,804] {logging_mixin.py:104} INFO - [2021-10-28 12:48:42,804] {dag.py:1833} INFO - Sync 1 DAGs
[2021-10-28 12:48:42,861] {logging_mixin.py:104} INFO - [2021-10-28 12:48:42,861] {dag.py:2306} INFO - Setting next_dagrun for ricochet_tellor_reporter to 2021-10-28T10:55:00+00:00
[2021-10-28 12:48:42,876] {scheduler_job.py:190} INFO - Processing /opt/airflow/dags/ricochet_tellor_reporter.py took 2.463 seconds
[2021-10-28 12:49:12,960] {scheduler_job.py:182} INFO - Started process (PID=2438) to work on /opt/airflow/dags/ricochet_tellor_reporter.py
[2021-10-28 12:49:12,967] {scheduler_job.py:633} INFO - Processing file /opt/airflow/dags/ricochet_tellor_reporter.py for tasks to queue
[2021-10-28 12:49:12,969] {logging_mixin.py:104} INFO - [2021-10-28 12:49:12,969] {dagbag.py:496} INFO - Filling up the DagBag from /opt/airflow/dags/ricochet_tellor_reporter.py
[2021-10-28 12:49:15,385] {scheduler_job.py:643} INFO - DAG(s) dict_keys(['ricochet_tellor_reporter']) retrieved from /opt/airflow/dags/ricochet_tellor_reporter.py
[2021-10-28 12:49:15,421] {logging_mixin.py:104} INFO - [2021-10-28 12:49:15,420] {dag.py:1833} INFO - Sync 1 DAGs
[2021-10-28 12:49:15,483] {logging_mixin.py:104} INFO - [2021-10-28 12:49:15,483] {dag.py:2306} INFO - Setting next_dagrun for ricochet_tellor_reporter to 2021-10-28T10:55:00+00:00
[2021-10-28 12:49:15,500] {scheduler_job.py:190} INFO - Processing /opt/airflow/dags/ricochet_tellor_reporter.py took 2.550 seconds
[2021-10-28 12:49:45,657] {scheduler_job.py:182} INFO - Started process (PID=2503) to work on /opt/airflow/dags/ricochet_tellor_reporter.py
[2021-10-28 12:49:45,661] {scheduler_job.py:633} INFO - Processing file /opt/airflow/dags/ricochet_tellor_reporter.py for tasks to queue
[2021-10-28 12:49:45,664] {logging_mixin.py:104} INFO - [2021-10-28 12:49:45,664] {dagbag.py:496} INFO - Filling up the DagBag from /opt/airflow/dags/ricochet_tellor_reporter.py
[2021-10-28 12:49:48,716] {scheduler_job.py:643} INFO - DAG(s) dict_keys(['ricochet_tellor_reporter']) retrieved from /opt/airflow/dags/ricochet_tellor_reporter.py
[2021-10-28 12:49:48,762] {logging_mixin.py:104} INFO - [2021-10-28 12:49:48,761] {dag.py:1833} INFO - Sync 1 DAGs
[2021-10-28 12:49:48,855] {logging_mixin.py:104} INFO - [2021-10-28 12:49:48,855] {dag.py:2306} INFO - Setting next_dagrun for ricochet_tellor_reporter to 2021-10-28T10:55:00+00:00
[2021-10-28 12:49:48,874] {scheduler_job.py:190} INFO - Processing /opt/airflow/dags/ricochet_tellor_reporter.py took 3.223 seconds
[2021-10-28 12:50:19,226] {scheduler_job.py:182} INFO - Started process (PID=2566) to work on /opt/airflow/dags/ricochet_tellor_reporter.py
[2021-10-28 12:50:19,230] {scheduler_job.py:633} INFO - Processing file /opt/airflow/dags/ricochet_tellor_reporter.py for tasks to queue
[2021-10-28 12:50:19,233] {logging_mixin.py:104} INFO - [2021-10-28 12:50:19,232] {dagbag.py:496} INFO - Filling up the DagBag from /opt/airflow/dags/ricochet_tellor_reporter.py
[2021-10-28 12:50:22,238] {scheduler_job.py:643} INFO - DAG(s) dict_keys(['ricochet_tellor_reporter']) retrieved from /opt/airflow/dags/ricochet_tellor_reporter.py
[2021-10-28 12:50:22,273] {logging_mixin.py:104} INFO - [2021-10-28 12:50:22,273] {dag.py:1833} INFO - Sync 1 DAGs
[2021-10-28 12:50:22,334] {logging_mixin.py:104} INFO - [2021-10-28 12:50:22,333] {dag.py:2306} INFO - Setting next_dagrun for ricochet_tellor_reporter to 2021-10-28T10:55:00+00:00
[2021-10-28 12:50:22,349] {scheduler_job.py:190} INFO - Processing /opt/airflow/dags/ricochet_tellor_reporter.py took 3.129 seconds
[2021-10-28 12:50:52,794] {scheduler_job.py:182} INFO - Started process (PID=2621) to work on /opt/airflow/dags/ricochet_tellor_reporter.py
[2021-10-28 12:50:52,798] {scheduler_job.py:633} INFO - Processing file /opt/airflow/dags/ricochet_tellor_reporter.py for tasks to queue
[2021-10-28 12:50:52,800] {logging_mixin.py:104} INFO - [2021-10-28 12:50:52,800] {dagbag.py:496} INFO - Filling up the DagBag from /opt/airflow/dags/ricochet_tellor_reporter.py
[2021-10-28 12:50:55,367] {scheduler_job.py:643} INFO - DAG(s) dict_keys(['ricochet_tellor_reporter']) retrieved from /opt/airflow/dags/ricochet_tellor_reporter.py
[2021-10-28 12:50:55,403] {logging_mixin.py:104} INFO - [2021-10-28 12:50:55,403] {dag.py:1833} INFO - Sync 1 DAGs
[2021-10-28 12:50:55,473] {logging_mixin.py:104} INFO - [2021-10-28 12:50:55,472] {dag.py:2306} INFO - Setting next_dagrun for ricochet_tellor_reporter to 2021-10-28T10:55:00+00:00
[2021-10-28 12:50:55,500] {scheduler_job.py:190} INFO - Processing /opt/airflow/dags/ricochet_tellor_reporter.py took 2.712 seconds
[2021-10-28 12:51:25,944] {scheduler_job.py:182} INFO - Started process (PID=2675) to work on /opt/airflow/dags/ricochet_tellor_reporter.py
[2021-10-28 12:51:25,947] {scheduler_job.py:633} INFO - Processing file /opt/airflow/dags/ricochet_tellor_reporter.py for tasks to queue
[2021-10-28 12:51:25,949] {logging_mixin.py:104} INFO - [2021-10-28 12:51:25,949] {dagbag.py:496} INFO - Filling up the DagBag from /opt/airflow/dags/ricochet_tellor_reporter.py
[2021-10-28 12:51:28,391] {scheduler_job.py:643} INFO - DAG(s) dict_keys(['ricochet_tellor_reporter']) retrieved from /opt/airflow/dags/ricochet_tellor_reporter.py
[2021-10-28 12:51:28,426] {logging_mixin.py:104} INFO - [2021-10-28 12:51:28,425] {dag.py:1833} INFO - Sync 1 DAGs
[2021-10-28 12:51:28,487] {logging_mixin.py:104} INFO - [2021-10-28 12:51:28,486] {dag.py:2306} INFO - Setting next_dagrun for ricochet_tellor_reporter to 2021-10-28T10:55:00+00:00
[2021-10-28 12:51:28,504] {scheduler_job.py:190} INFO - Processing /opt/airflow/dags/ricochet_tellor_reporter.py took 2.565 seconds
[2021-10-28 12:51:59,207] {scheduler_job.py:182} INFO - Started process (PID=2726) to work on /opt/airflow/dags/ricochet_tellor_reporter.py
[2021-10-28 12:51:59,211] {scheduler_job.py:633} INFO - Processing file /opt/airflow/dags/ricochet_tellor_reporter.py for tasks to queue
[2021-10-28 12:51:59,214] {logging_mixin.py:104} INFO - [2021-10-28 12:51:59,213] {dagbag.py:496} INFO - Filling up the DagBag from /opt/airflow/dags/ricochet_tellor_reporter.py
[2021-10-28 12:52:01,776] {scheduler_job.py:643} INFO - DAG(s) dict_keys(['ricochet_tellor_reporter']) retrieved from /opt/airflow/dags/ricochet_tellor_reporter.py
[2021-10-28 12:52:01,810] {logging_mixin.py:104} INFO - [2021-10-28 12:52:01,810] {dag.py:1833} INFO - Sync 1 DAGs
[2021-10-28 12:52:01,866] {logging_mixin.py:104} INFO - [2021-10-28 12:52:01,865] {dag.py:2306} INFO - Setting next_dagrun for ricochet_tellor_reporter to 2021-10-28T10:55:00+00:00
[2021-10-28 12:52:01,881] {scheduler_job.py:190} INFO - Processing /opt/airflow/dags/ricochet_tellor_reporter.py took 2.680 seconds
[2021-10-28 12:52:32,344] {scheduler_job.py:182} INFO - Started process (PID=2781) to work on /opt/airflow/dags/ricochet_tellor_reporter.py
[2021-10-28 12:52:32,348] {scheduler_job.py:633} INFO - Processing file /opt/airflow/dags/ricochet_tellor_reporter.py for tasks to queue
[2021-10-28 12:52:32,350] {logging_mixin.py:104} INFO - [2021-10-28 12:52:32,350] {dagbag.py:496} INFO - Filling up the DagBag from /opt/airflow/dags/ricochet_tellor_reporter.py
[2021-10-28 12:52:34,837] {scheduler_job.py:643} INFO - DAG(s) dict_keys(['ricochet_tellor_reporter']) retrieved from /opt/airflow/dags/ricochet_tellor_reporter.py
[2021-10-28 12:52:34,868] {logging_mixin.py:104} INFO - [2021-10-28 12:52:34,867] {dag.py:1833} INFO - Sync 1 DAGs
[2021-10-28 12:52:34,923] {logging_mixin.py:104} INFO - [2021-10-28 12:52:34,923] {dag.py:2306} INFO - Setting next_dagrun for ricochet_tellor_reporter to 2021-10-28T10:55:00+00:00
[2021-10-28 12:52:34,937] {scheduler_job.py:190} INFO - Processing /opt/airflow/dags/ricochet_tellor_reporter.py took 2.601 seconds
[2021-10-28 12:53:05,658] {scheduler_job.py:182} INFO - Started process (PID=2834) to work on /opt/airflow/dags/ricochet_tellor_reporter.py
[2021-10-28 12:53:05,663] {scheduler_job.py:633} INFO - Processing file /opt/airflow/dags/ricochet_tellor_reporter.py for tasks to queue
[2021-10-28 12:53:05,665] {logging_mixin.py:104} INFO - [2021-10-28 12:53:05,665] {dagbag.py:496} INFO - Filling up the DagBag from /opt/airflow/dags/ricochet_tellor_reporter.py
[2021-10-28 12:53:08,830] {scheduler_job.py:643} INFO - DAG(s) dict_keys(['ricochet_tellor_reporter']) retrieved from /opt/airflow/dags/ricochet_tellor_reporter.py
[2021-10-28 12:53:08,868] {logging_mixin.py:104} INFO - [2021-10-28 12:53:08,867] {dag.py:1833} INFO - Sync 1 DAGs
[2021-10-28 12:53:08,921] {logging_mixin.py:104} INFO - [2021-10-28 12:53:08,921] {dag.py:2306} INFO - Setting next_dagrun for ricochet_tellor_reporter to 2021-10-28T10:55:00+00:00
[2021-10-28 12:53:08,936] {scheduler_job.py:190} INFO - Processing /opt/airflow/dags/ricochet_tellor_reporter.py took 3.285 seconds
[2021-10-28 13:02:02,112] {scheduler_job.py:182} INFO - Started process (PID=441) to work on /opt/airflow/dags/ricochet_tellor_reporter.py
[2021-10-28 13:02:02,126] {scheduler_job.py:633} INFO - Processing file /opt/airflow/dags/ricochet_tellor_reporter.py for tasks to queue
[2021-10-28 13:02:02,131] {logging_mixin.py:104} INFO - [2021-10-28 13:02:02,131] {dagbag.py:496} INFO - Filling up the DagBag from /opt/airflow/dags/ricochet_tellor_reporter.py
[2021-10-28 13:02:11,944] {scheduler_job.py:643} INFO - DAG(s) dict_keys(['ricochet_tellor_reporter']) retrieved from /opt/airflow/dags/ricochet_tellor_reporter.py
[2021-10-28 13:02:12,048] {logging_mixin.py:104} INFO - [2021-10-28 13:02:12,048] {dag.py:1833} INFO - Sync 1 DAGs
[2021-10-28 13:02:12,181] {logging_mixin.py:104} INFO - [2021-10-28 13:02:12,175] {dag.py:2306} INFO - Setting next_dagrun for ricochet_tellor_reporter to 2021-10-28T11:55:00+00:00
[2021-10-28 13:02:12,229] {scheduler_job.py:190} INFO - Processing /opt/airflow/dags/ricochet_tellor_reporter.py took 10.166 seconds
[2021-10-28 13:02:43,293] {scheduler_job.py:182} INFO - Started process (PID=498) to work on /opt/airflow/dags/ricochet_tellor_reporter.py
[2021-10-28 13:02:43,313] {scheduler_job.py:633} INFO - Processing file /opt/airflow/dags/ricochet_tellor_reporter.py for tasks to queue
[2021-10-28 13:02:43,327] {logging_mixin.py:104} INFO - [2021-10-28 13:02:43,326] {dagbag.py:496} INFO - Filling up the DagBag from /opt/airflow/dags/ricochet_tellor_reporter.py
[2021-10-28 13:02:50,509] {scheduler_job.py:643} INFO - DAG(s) dict_keys(['ricochet_tellor_reporter']) retrieved from /opt/airflow/dags/ricochet_tellor_reporter.py
[2021-10-28 13:02:50,647] {logging_mixin.py:104} INFO - [2021-10-28 13:02:50,646] {dag.py:1833} INFO - Sync 1 DAGs
[2021-10-28 13:02:50,817] {logging_mixin.py:104} INFO - [2021-10-28 13:02:50,816] {dag.py:2306} INFO - Setting next_dagrun for ricochet_tellor_reporter to 2021-10-28T11:55:00+00:00
[2021-10-28 13:02:50,874] {scheduler_job.py:190} INFO - Processing /opt/airflow/dags/ricochet_tellor_reporter.py took 7.618 seconds
[2021-10-28 13:03:21,509] {scheduler_job.py:182} INFO - Started process (PID=550) to work on /opt/airflow/dags/ricochet_tellor_reporter.py
[2021-10-28 13:03:21,525] {scheduler_job.py:633} INFO - Processing file /opt/airflow/dags/ricochet_tellor_reporter.py for tasks to queue
[2021-10-28 13:03:21,529] {logging_mixin.py:104} INFO - [2021-10-28 13:03:21,529] {dagbag.py:496} INFO - Filling up the DagBag from /opt/airflow/dags/ricochet_tellor_reporter.py
[2021-10-28 13:03:28,848] {scheduler_job.py:643} INFO - DAG(s) dict_keys(['ricochet_tellor_reporter']) retrieved from /opt/airflow/dags/ricochet_tellor_reporter.py
[2021-10-28 13:03:28,895] {logging_mixin.py:104} INFO - [2021-10-28 13:03:28,895] {dag.py:1833} INFO - Sync 1 DAGs
[2021-10-28 13:03:28,977] {logging_mixin.py:104} INFO - [2021-10-28 13:03:28,976] {dag.py:2306} INFO - Setting next_dagrun for ricochet_tellor_reporter to 2021-10-28T11:55:00+00:00
[2021-10-28 13:03:29,002] {scheduler_job.py:190} INFO - Processing /opt/airflow/dags/ricochet_tellor_reporter.py took 7.527 seconds
[2021-10-28 13:03:59,273] {scheduler_job.py:182} INFO - Started process (PID=604) to work on /opt/airflow/dags/ricochet_tellor_reporter.py
[2021-10-28 13:03:59,279] {scheduler_job.py:633} INFO - Processing file /opt/airflow/dags/ricochet_tellor_reporter.py for tasks to queue
[2021-10-28 13:03:59,283] {logging_mixin.py:104} INFO - [2021-10-28 13:03:59,283] {dagbag.py:496} INFO - Filling up the DagBag from /opt/airflow/dags/ricochet_tellor_reporter.py
[2021-10-28 13:04:03,809] {scheduler_job.py:643} INFO - DAG(s) dict_keys(['ricochet_tellor_reporter']) retrieved from /opt/airflow/dags/ricochet_tellor_reporter.py
[2021-10-28 13:04:03,858] {logging_mixin.py:104} INFO - [2021-10-28 13:04:03,858] {dag.py:1833} INFO - Sync 1 DAGs
[2021-10-28 13:04:03,933] {logging_mixin.py:104} INFO - [2021-10-28 13:04:03,932] {dag.py:2306} INFO - Setting next_dagrun for ricochet_tellor_reporter to 2021-10-28T11:55:00+00:00
[2021-10-28 13:04:03,957] {scheduler_job.py:190} INFO - Processing /opt/airflow/dags/ricochet_tellor_reporter.py took 4.690 seconds
[2021-10-28 13:04:34,064] {scheduler_job.py:182} INFO - Started process (PID=657) to work on /opt/airflow/dags/ricochet_tellor_reporter.py
[2021-10-28 13:04:34,067] {scheduler_job.py:633} INFO - Processing file /opt/airflow/dags/ricochet_tellor_reporter.py for tasks to queue
[2021-10-28 13:04:34,069] {logging_mixin.py:104} INFO - [2021-10-28 13:04:34,069] {dagbag.py:496} INFO - Filling up the DagBag from /opt/airflow/dags/ricochet_tellor_reporter.py
[2021-10-28 13:04:37,868] {scheduler_job.py:643} INFO - DAG(s) dict_keys(['ricochet_tellor_reporter']) retrieved from /opt/airflow/dags/ricochet_tellor_reporter.py
[2021-10-28 13:04:37,918] {logging_mixin.py:104} INFO - [2021-10-28 13:04:37,918] {dag.py:1833} INFO - Sync 1 DAGs
[2021-10-28 13:04:37,988] {logging_mixin.py:104} INFO - [2021-10-28 13:04:37,988] {dag.py:2306} INFO - Setting next_dagrun for ricochet_tellor_reporter to 2021-10-28T11:55:00+00:00
[2021-10-28 13:04:38,011] {scheduler_job.py:190} INFO - Processing /opt/airflow/dags/ricochet_tellor_reporter.py took 3.957 seconds
[2021-10-28 13:05:08,295] {scheduler_job.py:182} INFO - Started process (PID=713) to work on /opt/airflow/dags/ricochet_tellor_reporter.py
[2021-10-28 13:05:08,299] {scheduler_job.py:633} INFO - Processing file /opt/airflow/dags/ricochet_tellor_reporter.py for tasks to queue
[2021-10-28 13:05:08,310] {logging_mixin.py:104} INFO - [2021-10-28 13:05:08,310] {dagbag.py:496} INFO - Filling up the DagBag from /opt/airflow/dags/ricochet_tellor_reporter.py
[2021-10-28 13:05:11,996] {scheduler_job.py:643} INFO - DAG(s) dict_keys(['ricochet_tellor_reporter']) retrieved from /opt/airflow/dags/ricochet_tellor_reporter.py
[2021-10-28 13:05:12,051] {logging_mixin.py:104} INFO - [2021-10-28 13:05:12,050] {dag.py:1833} INFO - Sync 1 DAGs
[2021-10-28 13:05:12,131] {logging_mixin.py:104} INFO - [2021-10-28 13:05:12,130] {dag.py:2306} INFO - Setting next_dagrun for ricochet_tellor_reporter to 2021-10-28T11:55:00+00:00
[2021-10-28 13:05:12,157] {scheduler_job.py:190} INFO - Processing /opt/airflow/dags/ricochet_tellor_reporter.py took 3.870 seconds
[2021-10-28 13:05:42,788] {scheduler_job.py:182} INFO - Started process (PID=765) to work on /opt/airflow/dags/ricochet_tellor_reporter.py
[2021-10-28 13:05:42,794] {scheduler_job.py:633} INFO - Processing file /opt/airflow/dags/ricochet_tellor_reporter.py for tasks to queue
[2021-10-28 13:05:42,798] {logging_mixin.py:104} INFO - [2021-10-28 13:05:42,797] {dagbag.py:496} INFO - Filling up the DagBag from /opt/airflow/dags/ricochet_tellor_reporter.py
[2021-10-28 13:05:46,288] {scheduler_job.py:643} INFO - DAG(s) dict_keys(['ricochet_tellor_reporter']) retrieved from /opt/airflow/dags/ricochet_tellor_reporter.py
[2021-10-28 13:05:46,340] {logging_mixin.py:104} INFO - [2021-10-28 13:05:46,339] {dag.py:1833} INFO - Sync 1 DAGs
[2021-10-28 13:05:46,410] {logging_mixin.py:104} INFO - [2021-10-28 13:05:46,410] {dag.py:2306} INFO - Setting next_dagrun for ricochet_tellor_reporter to 2021-10-28T11:55:00+00:00
[2021-10-28 13:05:46,432] {scheduler_job.py:190} INFO - Processing /opt/airflow/dags/ricochet_tellor_reporter.py took 3.651 seconds
[2021-10-28 13:06:16,550] {scheduler_job.py:182} INFO - Started process (PID=839) to work on /opt/airflow/dags/ricochet_tellor_reporter.py
[2021-10-28 13:06:16,556] {scheduler_job.py:633} INFO - Processing file /opt/airflow/dags/ricochet_tellor_reporter.py for tasks to queue
[2021-10-28 13:06:16,560] {logging_mixin.py:104} INFO - [2021-10-28 13:06:16,559] {dagbag.py:496} INFO - Filling up the DagBag from /opt/airflow/dags/ricochet_tellor_reporter.py
[2021-10-28 13:06:20,434] {scheduler_job.py:643} INFO - DAG(s) dict_keys(['ricochet_tellor_reporter']) retrieved from /opt/airflow/dags/ricochet_tellor_reporter.py
[2021-10-28 13:06:20,483] {logging_mixin.py:104} INFO - [2021-10-28 13:06:20,482] {dag.py:1833} INFO - Sync 1 DAGs
[2021-10-28 13:06:20,554] {logging_mixin.py:104} INFO - [2021-10-28 13:06:20,553] {dag.py:2306} INFO - Setting next_dagrun for ricochet_tellor_reporter to 2021-10-28T11:55:00+00:00
[2021-10-28 13:06:20,582] {scheduler_job.py:190} INFO - Processing /opt/airflow/dags/ricochet_tellor_reporter.py took 4.042 seconds
[2021-10-28 13:06:51,099] {scheduler_job.py:182} INFO - Started process (PID=898) to work on /opt/airflow/dags/ricochet_tellor_reporter.py
[2021-10-28 13:06:51,105] {scheduler_job.py:633} INFO - Processing file /opt/airflow/dags/ricochet_tellor_reporter.py for tasks to queue
[2021-10-28 13:06:51,109] {logging_mixin.py:104} INFO - [2021-10-28 13:06:51,108] {dagbag.py:496} INFO - Filling up the DagBag from /opt/airflow/dags/ricochet_tellor_reporter.py
[2021-10-28 13:06:55,078] {scheduler_job.py:643} INFO - DAG(s) dict_keys(['ricochet_tellor_reporter']) retrieved from /opt/airflow/dags/ricochet_tellor_reporter.py
[2021-10-28 13:06:55,150] {logging_mixin.py:104} INFO - [2021-10-28 13:06:55,150] {dag.py:1833} INFO - Sync 1 DAGs
[2021-10-28 13:06:55,218] {logging_mixin.py:104} INFO - [2021-10-28 13:06:55,218] {dag.py:2306} INFO - Setting next_dagrun for ricochet_tellor_reporter to 2021-10-28T11:55:00+00:00
[2021-10-28 13:06:55,246] {scheduler_job.py:190} INFO - Processing /opt/airflow/dags/ricochet_tellor_reporter.py took 4.157 seconds
[2021-10-28 13:14:31,233] {scheduler_job.py:182} INFO - Started process (PID=414) to work on /opt/airflow/dags/ricochet_tellor_reporter.py
[2021-10-28 13:14:31,247] {scheduler_job.py:633} INFO - Processing file /opt/airflow/dags/ricochet_tellor_reporter.py for tasks to queue
[2021-10-28 13:14:31,253] {logging_mixin.py:104} INFO - [2021-10-28 13:14:31,252] {dagbag.py:496} INFO - Filling up the DagBag from /opt/airflow/dags/ricochet_tellor_reporter.py
[2021-10-28 13:14:37,594] {scheduler_job.py:643} INFO - DAG(s) dict_keys(['ricochet_tellor_reporter']) retrieved from /opt/airflow/dags/ricochet_tellor_reporter.py
[2021-10-28 13:14:37,644] {logging_mixin.py:104} INFO - [2021-10-28 13:14:37,643] {dag.py:1833} INFO - Sync 1 DAGs
[2021-10-28 13:14:37,718] {logging_mixin.py:104} INFO - [2021-10-28 13:14:37,718] {dag.py:2306} INFO - Setting next_dagrun for ricochet_tellor_reporter to 2021-10-28T11:55:00+00:00
[2021-10-28 13:14:37,748] {scheduler_job.py:190} INFO - Processing /opt/airflow/dags/ricochet_tellor_reporter.py took 6.534 seconds
[2021-10-28 13:15:08,430] {scheduler_job.py:182} INFO - Started process (PID=470) to work on /opt/airflow/dags/ricochet_tellor_reporter.py
[2021-10-28 13:15:08,443] {scheduler_job.py:633} INFO - Processing file /opt/airflow/dags/ricochet_tellor_reporter.py for tasks to queue
[2021-10-28 13:15:08,454] {logging_mixin.py:104} INFO - [2021-10-28 13:15:08,452] {dagbag.py:496} INFO - Filling up the DagBag from /opt/airflow/dags/ricochet_tellor_reporter.py
[2021-10-28 13:15:14,713] {scheduler_job.py:643} INFO - DAG(s) dict_keys(['ricochet_tellor_reporter']) retrieved from /opt/airflow/dags/ricochet_tellor_reporter.py
[2021-10-28 13:15:14,802] {logging_mixin.py:104} INFO - [2021-10-28 13:15:14,801] {dag.py:1833} INFO - Sync 1 DAGs
[2021-10-28 13:15:14,921] {logging_mixin.py:104} INFO - [2021-10-28 13:15:14,920] {dag.py:2306} INFO - Setting next_dagrun for ricochet_tellor_reporter to 2021-10-28T11:55:00+00:00
[2021-10-28 13:15:14,965] {scheduler_job.py:190} INFO - Processing /opt/airflow/dags/ricochet_tellor_reporter.py took 6.627 seconds
[2021-10-28 13:15:45,410] {scheduler_job.py:182} INFO - Started process (PID=524) to work on /opt/airflow/dags/ricochet_tellor_reporter.py
[2021-10-28 13:15:45,420] {scheduler_job.py:633} INFO - Processing file /opt/airflow/dags/ricochet_tellor_reporter.py for tasks to queue
[2021-10-28 13:15:45,427] {logging_mixin.py:104} INFO - [2021-10-28 13:15:45,426] {dagbag.py:496} INFO - Filling up the DagBag from /opt/airflow/dags/ricochet_tellor_reporter.py
[2021-10-28 13:15:54,618] {scheduler_job.py:643} INFO - DAG(s) dict_keys(['ricochet_tellor_reporter']) retrieved from /opt/airflow/dags/ricochet_tellor_reporter.py
[2021-10-28 13:15:54,701] {logging_mixin.py:104} INFO - [2021-10-28 13:15:54,700] {dag.py:1833} INFO - Sync 1 DAGs
[2021-10-28 13:15:54,796] {logging_mixin.py:104} INFO - [2021-10-28 13:15:54,795] {dag.py:2306} INFO - Setting next_dagrun for ricochet_tellor_reporter to 2021-10-28T11:55:00+00:00
[2021-10-28 13:15:54,829] {scheduler_job.py:190} INFO - Processing /opt/airflow/dags/ricochet_tellor_reporter.py took 9.436 seconds
[2021-10-28 13:16:25,681] {scheduler_job.py:182} INFO - Started process (PID=579) to work on /opt/airflow/dags/ricochet_tellor_reporter.py
[2021-10-28 13:16:25,684] {scheduler_job.py:633} INFO - Processing file /opt/airflow/dags/ricochet_tellor_reporter.py for tasks to queue
[2021-10-28 13:16:25,688] {logging_mixin.py:104} INFO - [2021-10-28 13:16:25,687] {dagbag.py:496} INFO - Filling up the DagBag from /opt/airflow/dags/ricochet_tellor_reporter.py
[2021-10-28 13:16:30,261] {scheduler_job.py:643} INFO - DAG(s) dict_keys(['ricochet_tellor_reporter']) retrieved from /opt/airflow/dags/ricochet_tellor_reporter.py
[2021-10-28 13:16:30,352] {logging_mixin.py:104} INFO - [2021-10-28 13:16:30,350] {dag.py:1833} INFO - Sync 1 DAGs
[2021-10-28 13:16:30,434] {logging_mixin.py:104} INFO - [2021-10-28 13:16:30,433] {dag.py:2306} INFO - Setting next_dagrun for ricochet_tellor_reporter to 2021-10-28T11:55:00+00:00
[2021-10-28 13:16:30,459] {scheduler_job.py:190} INFO - Processing /opt/airflow/dags/ricochet_tellor_reporter.py took 4.784 seconds
[2021-10-28 13:17:01,269] {scheduler_job.py:182} INFO - Started process (PID=633) to work on /opt/airflow/dags/ricochet_tellor_reporter.py
[2021-10-28 13:17:01,279] {scheduler_job.py:633} INFO - Processing file /opt/airflow/dags/ricochet_tellor_reporter.py for tasks to queue
[2021-10-28 13:17:01,286] {logging_mixin.py:104} INFO - [2021-10-28 13:17:01,283] {dagbag.py:496} INFO - Filling up the DagBag from /opt/airflow/dags/ricochet_tellor_reporter.py
[2021-10-28 13:17:05,468] {scheduler_job.py:643} INFO - DAG(s) dict_keys(['ricochet_tellor_reporter']) retrieved from /opt/airflow/dags/ricochet_tellor_reporter.py
[2021-10-28 13:17:05,523] {logging_mixin.py:104} INFO - [2021-10-28 13:17:05,523] {dag.py:1833} INFO - Sync 1 DAGs
[2021-10-28 13:17:05,651] {logging_mixin.py:104} INFO - [2021-10-28 13:17:05,650] {dag.py:2306} INFO - Setting next_dagrun for ricochet_tellor_reporter to 2021-10-28T11:55:00+00:00
[2021-10-28 13:17:05,679] {scheduler_job.py:190} INFO - Processing /opt/airflow/dags/ricochet_tellor_reporter.py took 4.429 seconds
[2021-10-28 13:17:36,144] {scheduler_job.py:182} INFO - Started process (PID=691) to work on /opt/airflow/dags/ricochet_tellor_reporter.py
[2021-10-28 13:17:36,164] {scheduler_job.py:633} INFO - Processing file /opt/airflow/dags/ricochet_tellor_reporter.py for tasks to queue
[2021-10-28 13:17:36,167] {logging_mixin.py:104} INFO - [2021-10-28 13:17:36,167] {dagbag.py:496} INFO - Filling up the DagBag from /opt/airflow/dags/ricochet_tellor_reporter.py
[2021-10-28 13:17:40,189] {scheduler_job.py:643} INFO - DAG(s) dict_keys(['ricochet_tellor_reporter']) retrieved from /opt/airflow/dags/ricochet_tellor_reporter.py
[2021-10-28 13:17:40,242] {logging_mixin.py:104} INFO - [2021-10-28 13:17:40,242] {dag.py:1833} INFO - Sync 1 DAGs
[2021-10-28 13:17:40,313] {logging_mixin.py:104} INFO - [2021-10-28 13:17:40,312] {dag.py:2306} INFO - Setting next_dagrun for ricochet_tellor_reporter to 2021-10-28T12:55:00+00:00
[2021-10-28 13:17:40,352] {scheduler_job.py:190} INFO - Processing /opt/airflow/dags/ricochet_tellor_reporter.py took 4.214 seconds
[2021-10-28 13:18:10,953] {scheduler_job.py:182} INFO - Started process (PID=751) to work on /opt/airflow/dags/ricochet_tellor_reporter.py
[2021-10-28 13:18:10,960] {scheduler_job.py:633} INFO - Processing file /opt/airflow/dags/ricochet_tellor_reporter.py for tasks to queue
[2021-10-28 13:18:10,966] {logging_mixin.py:104} INFO - [2021-10-28 13:18:10,965] {dagbag.py:496} INFO - Filling up the DagBag from /opt/airflow/dags/ricochet_tellor_reporter.py
[2021-10-28 13:18:14,202] {scheduler_job.py:643} INFO - DAG(s) dict_keys(['ricochet_tellor_reporter']) retrieved from /opt/airflow/dags/ricochet_tellor_reporter.py
[2021-10-28 13:18:14,247] {logging_mixin.py:104} INFO - [2021-10-28 13:18:14,246] {dag.py:1833} INFO - Sync 1 DAGs
[2021-10-28 13:18:14,306] {logging_mixin.py:104} INFO - [2021-10-28 13:18:14,305] {dag.py:2306} INFO - Setting next_dagrun for ricochet_tellor_reporter to 2021-10-28T12:55:00+00:00
[2021-10-28 13:18:14,330] {scheduler_job.py:190} INFO - Processing /opt/airflow/dags/ricochet_tellor_reporter.py took 3.385 seconds
[2021-10-28 13:18:45,774] {scheduler_job.py:182} INFO - Started process (PID=808) to work on /opt/airflow/dags/ricochet_tellor_reporter.py
[2021-10-28 13:18:45,778] {scheduler_job.py:633} INFO - Processing file /opt/airflow/dags/ricochet_tellor_reporter.py for tasks to queue
[2021-10-28 13:18:45,780] {logging_mixin.py:104} INFO - [2021-10-28 13:18:45,780] {dagbag.py:496} INFO - Filling up the DagBag from /opt/airflow/dags/ricochet_tellor_reporter.py
[2021-10-28 13:18:49,913] {scheduler_job.py:643} INFO - DAG(s) dict_keys(['ricochet_tellor_reporter']) retrieved from /opt/airflow/dags/ricochet_tellor_reporter.py
[2021-10-28 13:18:49,973] {logging_mixin.py:104} INFO - [2021-10-28 13:18:49,973] {dag.py:1833} INFO - Sync 1 DAGs
[2021-10-28 13:18:50,037] {logging_mixin.py:104} INFO - [2021-10-28 13:18:50,036] {dag.py:2306} INFO - Setting next_dagrun for ricochet_tellor_reporter to 2021-10-28T12:55:00+00:00
[2021-10-28 13:18:50,059] {scheduler_job.py:190} INFO - Processing /opt/airflow/dags/ricochet_tellor_reporter.py took 4.292 seconds
