[2021-10-28 13:17:30,143] {taskinstance.py:896} INFO - Dependencies all met for <TaskInstance: ricochet_tellor_reporter.price_check_ethereum 2021-10-28T11:55:00+00:00 [queued]>
[2021-10-28 13:17:30,247] {taskinstance.py:896} INFO - Dependencies all met for <TaskInstance: ricochet_tellor_reporter.price_check_ethereum 2021-10-28T11:55:00+00:00 [queued]>
[2021-10-28 13:17:30,252] {taskinstance.py:1087} INFO - 
--------------------------------------------------------------------------------
[2021-10-28 13:17:30,256] {taskinstance.py:1088} INFO - Starting attempt 1 of 1
[2021-10-28 13:17:30,259] {taskinstance.py:1089} INFO - 
--------------------------------------------------------------------------------
[2021-10-28 13:17:30,361] {taskinstance.py:1107} INFO - Executing <Task(CoinGeckoPriceOperator): price_check_ethereum> on 2021-10-28T11:55:00+00:00
[2021-10-28 13:17:30,379] {standard_task_runner.py:52} INFO - Started process 690 to run task
[2021-10-28 13:17:30,416] {standard_task_runner.py:76} INFO - Running: ['***', 'tasks', 'run', 'ricochet_tellor_reporter', 'price_check_ethereum', '2021-10-28T11:55:00+00:00', '--job-id', '1201', '--pool', 'default_pool', '--raw', '--subdir', 'DAGS_FOLDER/ricochet_tellor_reporter.py', '--cfg-path', '/tmp/tmphr2hkosi', '--error-file', '/tmp/tmpnx10o_25']
[2021-10-28 13:17:30,418] {standard_task_runner.py:77} INFO - Job 1201: Subtask price_check_ethereum
[2021-10-28 13:17:30,552] {logging_mixin.py:104} INFO - Running <TaskInstance: ricochet_tellor_reporter.price_check_ethereum 2021-10-28T11:55:00+00:00 [running]> on host 41f87d20e5ca
[2021-10-28 13:17:30,679] {taskinstance.py:1302} INFO - Exporting the following env vars:
AIRFLOW_CTX_DAG_EMAIL=mike@mikeghen.com
AIRFLOW_CTX_DAG_OWNER=ricochet
AIRFLOW_CTX_DAG_ID=ricochet_tellor_reporter
AIRFLOW_CTX_TASK_ID=price_check_ethereum
AIRFLOW_CTX_EXECUTION_DATE=2021-10-28T11:55:00+00:00
AIRFLOW_CTX_DAG_RUN_ID=scheduled__2021-10-28T11:55:00+00:00
[2021-10-28 13:17:30,682] {logging_mixin.py:104} INFO - https://api.coingecko.com/api/v3/simple/price?ids=ethereum&vs_currencies=usd
[2021-10-28 13:17:30,832] {logging_mixin.py:104} INFO - {'ethereum': {'usd': 4174.97}}
[2021-10-28 13:17:30,894] {taskinstance.py:1211} INFO - Marking task as SUCCESS. dag_id=ricochet_tellor_reporter, task_id=price_check_ethereum, execution_date=20211028T115500, start_date=20211028T131730, end_date=20211028T131730
[2021-10-28 13:17:31,037] {taskinstance.py:1265} INFO - 1 downstream tasks scheduled from follow-on schedule check
[2021-10-28 13:17:31,067] {local_task_job.py:151} INFO - Task exited with return code 0
